0 info it worked if it ends with ok
1 verbose cli [ '/usr/bin/node', '/usr/bin/npm', 'start' ]
2 info using npm@3.5.2
3 info using node@v8.10.0
4 verbose run-script [ 'prestart', 'start', 'poststart' ]
5 info lifecycle bertasnakes@1.9.9~prestart: bertasnakes@1.9.9
6 silly lifecycle bertasnakes@1.9.9~prestart: no script for prestart, continuing
7 info lifecycle bertasnakes@1.9.9~start: bertasnakes@1.9.9
8 verbose lifecycle bertasnakes@1.9.9~start: unsafe-perm in lifecycle true
9 verbose lifecycle bertasnakes@1.9.9~start: PATH: /usr/share/npm/bin/node-gyp-bin:/home/aktyn/Programowanie/BertaSnakes/node_modules/.bin:/home/aktyn/bin:/home/aktyn/.local/bin:/usr/local/sbin:/usr/local/bin:/usr/sbin:/usr/bin:/sbin:/bin:/usr/games:/home/aktyn/Programy/android_sdk/tools:/home/aktyn/Programy/android_sdk/platform-tools:/home/aktyn/Programy/android_sdk/platform-tools/adb:/home/aktyn/Programy/Emscripten/emsdk-portable/emscripten/1.37.34:/snap/bin:/usr/lib/jvm/java-8-oracle/bin:/usr/lib/jvm/java-8-oracle/db/bin:/usr/lib/jvm/java-8-oracle/jre/bin
10 verbose lifecycle bertasnakes@1.9.9~start: CWD: /home/aktyn/Programowanie/BertaSnakes
11 silly lifecycle bertasnakes@1.9.9~start: Args: [ '-c', 'nodejs src/server/main 2674 80' ]
12 silly lifecycle bertasnakes@1.9.9~start: Returned: code: 1  signal: null
13 info lifecycle bertasnakes@1.9.9~start: Failed to exec start script
14 verbose stack Error: bertasnakes@1.9.9 start: `nodejs src/server/main 2674 80`
14 verbose stack Exit status 1
14 verbose stack     at EventEmitter.<anonymous> (/usr/share/npm/lib/utils/lifecycle.js:232:16)
14 verbose stack     at emitTwo (events.js:126:13)
14 verbose stack     at EventEmitter.emit (events.js:214:7)
14 verbose stack     at ChildProcess.<anonymous> (/usr/share/npm/lib/utils/spawn.js:24:14)
14 verbose stack     at emitTwo (events.js:126:13)
14 verbose stack     at ChildProcess.emit (events.js:214:7)
14 verbose stack     at maybeClose (internal/child_process.js:925:16)
14 verbose stack     at Process.ChildProcess._handle.onexit (internal/child_process.js:209:5)
15 verbose pkgid bertasnakes@1.9.9
16 verbose cwd /home/aktyn/Programowanie/BertaSnakes
17 error Linux 4.15.0-36-generic
18 error argv "/usr/bin/node" "/usr/bin/npm" "start"
19 error node v8.10.0
20 error npm  v3.5.2
21 error code ELIFECYCLE
22 error bertasnakes@1.9.9 start: `nodejs src/server/main 2674 80`
22 error Exit status 1
23 error Failed at the bertasnakes@1.9.9 start script 'nodejs src/server/main 2674 80'.
23 error Make sure you have the latest version of node.js and npm installed.
23 error If you do, this is most likely a problem with the bertasnakes package,
23 error not with npm itself.
23 error Tell the author that this fails on your system:
23 error     nodejs src/server/main 2674 80
23 error You can get information on how to open an issue for this project with:
23 error     npm bugs bertasnakes
23 error Or if that isn't available, you can get their info via:
23 error     npm owner ls bertasnakes
23 error There is likely additional logging output above.
24 verbose exit [ 1, true ]
